[    0.000000] Initializing cgroup subsys cpuset
[    0.000000] Initializing cgroup subsys cpu
[    0.000000] Initializing cgroup subsys cpuacct
[    0.000000] Linux version 4.4.0-137-generic (buildd@lgw01-amd64-037) (gcc version 5.4.0 20160609 (Ubuntu 5.4.0-6ubuntu1~16.04.10) ) #163-Ubuntu SMP Mon Sep 24 13:14:43 UTC 2018 (Ubuntu 4.4.0-137.163-generic 4.4.144)
[    0.000000] Command line: BOOT_IMAGE=/boot/vmlinuz-4.4.0-137-generic root=LABEL=cloudimg-rootfs ro console=tty1 console=ttyS0
[    0.000000] KERNEL supported cpus:
[    0.000000]   Intel GenuineIntel
[    0.000000]   AMD AuthenticAMD
[    0.000000]   Centaur CentaurHauls
[    0.000000] x86/fpu: xstate_offset[2]:  576, xstate_sizes[2]:  256
[    0.000000] x86/fpu: Supporting XSAVE feature 0x01: 'x87 floating point registers'
[    0.000000] x86/fpu: Supporting XSAVE feature 0x02: 'SSE registers'
[    0.000000] x86/fpu: Supporting XSAVE feature 0x04: 'AVX registers'
[    0.000000] x86/fpu: Enabled xstate features 0x7, context size is 832 bytes, using 'standard' format.
[    0.000000] e820: BIOS-provided physical RAM map:
[    0.000000] BIOS-e820: [mem 0x0000000000000000-0x000000000009fbff] usable
[    0.000000] BIOS-e820: [mem 0x000000000009fc00-0x000000000009ffff] reserved
[    0.000000] BIOS-e820: [mem 0x00000000000f0000-0x00000000000fffff] reserved
[    0.000000] BIOS-e820: [mem 0x0000000000100000-0x000000003ffeffff] usable
[    0.000000] BIOS-e820: [mem 0x000000003fff0000-0x000000003fffffff] ACPI data
[    0.000000] BIOS-e820: [mem 0x00000000fec00000-0x00000000fec00fff] reserved
[    0.000000] BIOS-e820: [mem 0x00000000fee00000-0x00000000fee00fff] reserved
[    0.000000] BIOS-e820: [mem 0x00000000fffc0000-0x00000000ffffffff] reserved
[    0.000000] NX (Execute Disable) protection: active
[    0.000000] SMBIOS 2.5 present.
[    0.000000] Hypervisor detected: KVM
[    0.000000] e820: last_pfn = 0x3fff0 max_arch_pfn = 0x400000000
[    0.000000] MTRR: Disabled
[    0.000000] x86/PAT: MTRRs disabled, skipping PAT initialization too.
[    0.000000] CPU MTRRs all blank - virtualized system.
[    0.000000] x86/PAT: Configuration [0-7]: WB  WT  UC- UC  WB  WT  UC- UC  
[    0.000000] found SMP MP-table at [mem 0x0009fff0-0x0009ffff] mapped at [ffff88000009fff0]
[    0.000000] Scanning 1 areas for low memory corruption
[    0.000000] RAMDISK: [mem 0x3630a000-0x3717cfff]
[    0.000000] ACPI: Early table checksum verification disabled
[    0.000000] ACPI: RSDP 0x00000000000E0000 000024 (v02 VBOX  )
[    0.000000] ACPI: XSDT 0x000000003FFF0030 00003C (v01 VBOX   VBOXXSDT 00000001 ASL  00000061)
[    0.000000] ACPI: FACP 0x000000003FFF00F0 0000F4 (v04 VBOX   VBOXFACP 00000001 ASL  00000061)
[    0.000000] ACPI: DSDT 0x000000003FFF0470 0022EA (v02 VBOX   VBOXBIOS 00000002 INTL 20100528)
[    0.000000] ACPI: FACS 0x000000003FFF0200 000040
[    0.000000] ACPI: FACS 0x000000003FFF0200 000040
[    0.000000] ACPI: APIC 0x000000003FFF0240 00005C (v02 VBOX   VBOXAPIC 00000001 ASL  00000061)
[    0.000000] ACPI: SSDT 0x000000003FFF02A0 0001CC (v01 VBOX   VBOXCPUT 00000002 INTL 20100528)
[    0.000000] No NUMA configuration found
[    0.000000] Faking a node at [mem 0x0000000000000000-0x000000003ffeffff]
[    0.000000] NODE_DATA(0) allocated [mem 0x3ffeb000-0x3ffeffff]
[    0.000000] kvm-clock: Using msrs 4b564d01 and 4b564d00
[    0.000000] kvm-clock: cpu 0, msr 0:3ffe3001, primary cpu clock
[    0.000000] kvm-clock: using sched offset of 4911366544 cycles
[    0.000000] clocksource: kvm-clock: mask: 0xffffffffffffffff max_cycles: 0x1cd42e4dffb, max_idle_ns: 881590591483 ns
[    0.000000] Zone ranges:
[    0.000000]   DMA      [mem 0x0000000000001000-0x0000000000ffffff]
[    0.000000]   DMA32    [mem 0x0000000001000000-0x000000003ffeffff]
[    0.000000]   Normal   empty
[    0.000000]   Device   empty
[    0.000000] Movable zone start for each node
[    0.000000] Early memory node ranges
[    0.000000]   node   0: [mem 0x0000000000001000-0x000000000009efff]
[    0.000000]   node   0: [mem 0x0000000000100000-0x000000003ffeffff]
[    0.000000] Initmem setup node 0 [mem 0x0000000000001000-0x000000003ffeffff]
[    0.000000] ACPI: PM-Timer IO Port: 0x4008
[    0.000000] IOAPIC[0]: apic_id 2, version 32, address 0xfec00000, GSI 0-23
[    0.000000] ACPI: INT_SRC_OVR (bus 0 bus_irq 0 global_irq 2 dfl dfl)
[    0.000000] ACPI: INT_SRC_OVR (bus 0 bus_irq 9 global_irq 9 low level)
[    0.000000] Using ACPI (MADT) for SMP configuration information
[    0.000000] smpboot: Allowing 2 CPUs, 0 hotplug CPUs
[    0.000000] PM: Registered nosave memory: [mem 0x00000000-0x00000fff]
[    0.000000] PM: Registered nosave memory: [mem 0x0009f000-0x0009ffff]
[    0.000000] PM: Registered nosave memory: [mem 0x000a0000-0x000effff]
[    0.000000] PM: Registered nosave memory: [mem 0x000f0000-0x000fffff]
[    0.000000] e820: [mem 0x40000000-0xfebfffff] available for PCI devices
[    0.000000] Booting paravirtualized kernel on KVM
[    0.000000] clocksource: refined-jiffies: mask: 0xffffffff max_cycles: 0xffffffff, max_idle_ns: 7645519600211568 ns
[    0.000000] setup_percpu: NR_CPUS:512 nr_cpumask_bits:512 nr_cpu_ids:2 nr_node_ids:1
[    0.000000] PERCPU: Embedded 34 pages/cpu @ffff88003fc00000 s99608 r8192 d31464 u1048576
[    0.000000] PV qspinlock hash table entries: 256 (order: 0, 4096 bytes)
[    0.000000] Built 1 zonelists in Node order, mobility grouping on.  Total pages: 257912
[    0.000000] Policy zone: DMA32
[    0.000000] Kernel command line: BOOT_IMAGE=/boot/vmlinuz-4.4.0-137-generic root=LABEL=cloudimg-rootfs ro console=tty1 console=ttyS0
[    0.000000] PID hash table entries: 4096 (order: 3, 32768 bytes)
[    0.000000] Memory: 997708K/1048120K available (8555K kernel code, 1314K rwdata, 4004K rodata, 1528K init, 1316K bss, 50412K reserved, 0K cma-reserved)
[    0.000000] SLUB: HWalign=64, Order=0-3, MinObjects=0, CPUs=2, Nodes=1
[    0.000000] Kernel/User page tables isolation: enabled
[    0.000000] Hierarchical RCU implementation.
[    0.000000] 	Build-time adjustment of leaf fanout to 64.
[    0.000000] 	RCU restricting CPUs from NR_CPUS=512 to nr_cpu_ids=2.
[    0.000000] RCU: Adjusting geometry for rcu_fanout_leaf=64, nr_cpu_ids=2
[    0.000000] NR_IRQS:33024 nr_irqs:440 16
[    0.000000] Console: colour VGA+ 80x25
[    0.000000] console [tty1] enabled
[    0.000000] console [ttyS0] enabled
[    0.000000] tsc: Detected 2303.998 MHz processor
[    0.155179] Calibrating delay loop (skipped) preset value.. 4607.99 BogoMIPS (lpj=9215992)
[    0.157186] pid_max: default: 32768 minimum: 301
[    0.158759] ACPI: Core revision 20150930
[    0.160424] ACPI: 2 ACPI AML tables successfully acquired and loaded
[    0.161880] Security Framework initialized
[    0.162850] Yama: becoming mindful.
[    0.163688] AppArmor: AppArmor initialized
[    0.164826] Dentry cache hash table entries: 131072 (order: 8, 1048576 bytes)
[    0.168277] Inode-cache hash table entries: 65536 (order: 7, 524288 bytes)
[    0.170199] Mount-cache hash table entries: 2048 (order: 2, 16384 bytes)
[    0.171646] Mountpoint-cache hash table entries: 2048 (order: 2, 16384 bytes)
[    0.173236] Initializing cgroup subsys io
[    0.174274] Initializing cgroup subsys memory
[    0.175262] Initializing cgroup subsys devices
[    0.176259] Initializing cgroup subsys freezer
[    0.177255] Initializing cgroup subsys net_cls
[    0.178283] Initializing cgroup subsys perf_event
[    0.179968] Initializing cgroup subsys net_prio
[    0.181223] Initializing cgroup subsys hugetlb
[    0.182261] Initializing cgroup subsys pids
[    0.184863] mce: CPU supports 0 MCE banks
[    0.185827] Last level iTLB entries: 4KB 64, 2MB 8, 4MB 8
[    0.187001] Last level dTLB entries: 4KB 64, 2MB 0, 4MB 0, 1GB 4
[    0.188277] Spectre V2 : Mitigation: Full generic retpoline
[    0.189480] Spectre V2 : Spectre v2 mitigation: Speculation control IBPB not-supported IBRS not-supported
[    0.191649] Spectre V2 : Spectre v2 / SpectreRSB mitigation: Filling RSB on context switch
[    0.194580] Speculative Store Bypass: Vulnerable
[    0.198150] Freeing SMP alternatives memory: 32K
[    0.207681] ftrace: allocating 32265 entries in 127 pages
[    0.261270] smpboot: APIC(0) Converting physical 0 to logical package 0
[    0.263271] smpboot: Max logical packages: 1
[    0.264444] x2apic enabled
[    0.265329] Switched APIC routing to physical x2apic.
[    0.267423] ..TIMER: vector=0x30 apic1=0 pin1=2 apic2=-1 pin2=-1
[    0.374461] smpboot: CPU0: Intel(R) Core(TM) i5-7360U CPU @ 2.30GHz (family: 0x6, model: 0x8e, stepping: 0x9)
[    0.377272] Performance Events: unsupported p6 CPU model 142 no PMU driver, software events only.
[    0.379502] KVM setup paravirtual spinlock
[    0.381053] x86: Booting SMP configuration:
[    0.382027] .... node  #0, CPUs:      #1
[    0.383144] kvm-clock: cpu 1, msr 0:3ffe3041, secondary cpu clock
[    0.385896] mce: CPU supports 0 MCE banks
[    0.388611] x86: Booted up 1 node, 2 CPUs
[    0.390195] smpboot: Total of 2 processors activated (9215.99 BogoMIPS)
[    0.392374] devtmpfs: initialized
[    0.394804] evm: security.selinux
[    0.395606] evm: security.SMACK64
[    0.396401] evm: security.SMACK64EXEC
[    0.397288] evm: security.SMACK64TRANSMUTE
[    0.398223] evm: security.SMACK64MMAP
[    0.399107] evm: security.ima
[    0.400313] evm: security.capability
[    0.401702] clocksource: jiffies: mask: 0xffffffff max_cycles: 0xffffffff, max_idle_ns: 7645041785100000 ns
[    0.403977] futex hash table entries: 512 (order: 3, 32768 bytes)
[    0.405358] pinctrl core: initialized pinctrl subsystem
[    0.406592] RTC time: 17:27:58, date: 10/22/19
[    0.407761] NET: Registered protocol family 16
[    0.419655] cpuidle: using governor ladder
[    0.431737] cpuidle: using governor menu
[    0.433496] PCCT header not found.
[    0.434962] ACPI: bus type PCI registered
[    0.436537] acpiphp: ACPI Hot Plug PCI Controller Driver version: 0.5
[    0.438250] PCI: Using configuration type 1 for base access
[    0.454477] ACPI: Added _OSI(Module Device)
[    0.455876] ACPI: Added _OSI(Processor Device)
[    0.457034] ACPI: Added _OSI(3.0 _SCP Extensions)
[    0.458271] ACPI: Added _OSI(Processor Aggregator Device)
[    0.460695] ACPI: Executed 1 blocks of module-level executable AML code
[    0.464536] ACPI: Interpreter enabled
[    0.465407] ACPI: (supports S0 S5)
[    0.466240] ACPI: Using IOAPIC for interrupt routing
[    0.467556] PCI: Using host bridge windows from ACPI; if necessary, use "pci=nocrs" and report a bug
[    0.473839] ACPI: PCI Root Bridge [PCI0] (domain 0000 [bus 00-ff])
[    0.475555] acpi PNP0A03:00: _OSC: OS supports [ASPM ClockPM Segments MSI]
[    0.477260] acpi PNP0A03:00: _OSC: not requesting OS control; OS requires [ExtendedConfig ASPM ClockPM MSI]
[    0.479451] acpi PNP0A03:00: fail to add MMCONFIG information, can't access extended PCI configuration space under this bridge.
[    0.483145] PCI host bridge to bus 0000:00
[    0.484377] pci_bus 0000:00: root bus resource [io  0x0000-0x0cf7 window]
[    0.486883] pci_bus 0000:00: root bus resource [io  0x0d00-0xffff window]
[    0.488818] pci_bus 0000:00: root bus resource [mem 0x000a0000-0x000bffff window]
[    0.490790] pci_bus 0000:00: root bus resource [mem 0x40000000-0xfdffffff window]
[    0.493073] pci_bus 0000:00: root bus resource [bus 00-ff]
[    0.497116] pci 0000:00:01.1: legacy IDE quirk: reg 0x10: [io  0x01f0-0x01f7]
[    0.498781] pci 0000:00:01.1: legacy IDE quirk: reg 0x14: [io  0x03f6]
[    0.500198] pci 0000:00:01.1: legacy IDE quirk: reg 0x18: [io  0x0170-0x0177]
[    0.501679] pci 0000:00:01.1: legacy IDE quirk: reg 0x1c: [io  0x0376]
[    0.525651] pci 0000:00:07.0: quirk: [io  0x4000-0x403f] claimed by PIIX4 ACPI
[    0.527946] pci 0000:00:07.0: quirk: [io  0x4100-0x410f] claimed by PIIX4 SMB
[    0.535100] ACPI: PCI Interrupt Link [LNKA] (IRQs 5 9 10 *11)
[    0.537002] ACPI: PCI Interrupt Link [LNKB] (IRQs 5 9 *10 11)
[    0.538746] ACPI: PCI Interrupt Link [LNKC] (IRQs 5 *9 10 11)
[    0.540396] ACPI: PCI Interrupt Link [LNKD] (IRQs 5 9 10 *11)
[    0.542077] ACPI: Enabled 2 GPEs in block 00 to 07
[    0.543924] vgaarb: setting as boot device: PCI:0000:00:02.0
[    0.545211] vgaarb: device added: PCI:0000:00:02.0,decodes=io+mem,owns=io+mem,locks=none
[    0.547070] vgaarb: loaded
[    0.547758] vgaarb: bridge control possible 0000:00:02.0
[    0.549137] SCSI subsystem initialized
[    0.550115] ACPI: bus type USB registered
[    0.551070] usbcore: registered new interface driver usbfs
[    0.552685] usbcore: registered new interface driver hub
[    0.554220] usbcore: registered new device driver usb
[    0.556938] PCI: Using ACPI for IRQ routing
[    0.558450] NetLabel: Initializing
[    0.559279] NetLabel:  domain hash size = 128
[    0.560505] NetLabel:  protocols = UNLABELED CIPSOv4
[    0.562345] NetLabel:  unlabeled traffic allowed by default
[    0.564453] amd_nb: Cannot enumerate AMD northbridges
[    0.565778] clocksource: Switched to clocksource kvm-clock
[    0.573923] AppArmor: AppArmor Filesystem Enabled
[    0.575613] pnp: PnP ACPI init
[    0.577431] pnp: PnP ACPI: found 3 devices
[    0.586854] clocksource: acpi_pm: mask: 0xffffff max_cycles: 0xffffff, max_idle_ns: 2085701024 ns
[    0.589388] NET: Registered protocol family 2
[    0.590606] TCP established hash table entries: 8192 (order: 4, 65536 bytes)
[    0.592278] TCP bind hash table entries: 8192 (order: 5, 131072 bytes)
[    0.594269] TCP: Hash tables configured (established 8192 bind 8192)
[    0.595669] UDP hash table entries: 512 (order: 2, 16384 bytes)
[    0.596931] UDP-Lite hash table entries: 512 (order: 2, 16384 bytes)
[    0.598432] NET: Registered protocol family 1
[    0.599838] pci 0000:00:00.0: Limiting direct PCI/PCI transfers
[    0.601131] pci 0000:00:01.0: Activating ISA DMA hang workarounds
[    0.602632] Unpacking initramfs...
[    0.793989] Freeing initrd memory: 14796K
[    0.795472] platform rtc_cmos: registered platform RTC device (no PNP device found)
[    0.797240] Scanning for low memory corruption every 60 seconds
[    0.799035] audit: initializing netlink subsys (disabled)
[    0.800655] audit: type=2000 audit(1571765284.885:1): initialized
[    0.802691] Initialise system trusted keyring
[    0.804519] HugeTLB registered 2 MB page size, pre-allocated 0 pages
[    0.807698] zbud: loaded
[    0.808719] VFS: Disk quotas dquot_6.6.0
[    0.809659] VFS: Dquot-cache hash table entries: 512 (order 0, 4096 bytes)
[    0.811688] squashfs: version 4.0 (2009/01/31) Phillip Lougher
[    0.814055] fuse init (API version 7.23)
[    0.815609] Key type big_key registered
[    0.816821] Allocating IMA MOK and blacklist keyrings.
[    0.819765] Key type asymmetric registered
[    0.821004] Asymmetric key parser 'x509' registered
[    0.822664] Block layer SCSI generic (bsg) driver version 0.4 loaded (major 249)
[    0.825083] io scheduler noop registered
[    0.826534] io scheduler deadline registered (default)
[    0.828449] io scheduler cfq registered
[    0.830004] pci_hotplug: PCI Hot Plug PCI Core version: 0.5
[    0.832205] pciehp: PCI Express Hot Plug Controller Driver version: 0.4
[    0.835201] ACPI: AC Adapter [AC] (on-line)
[    0.836993] input: Power Button as /devices/LNXSYSTM:00/LNXPWRBN:00/input/input0
[    0.840214] ACPI: Power Button [PWRF]
[    0.841941] input: Sleep Button as /devices/LNXSYSTM:00/LNXSLPBN:00/input/input1
[    0.844805] ACPI: Sleep Button [SLPF]
[    0.847032] GHES: HEST is not enabled!
[    0.848807] ACPI: Battery Slot [BAT0] (battery present)
[    0.851017] Serial: 8250/16550 driver, 32 ports, IRQ sharing enabled
[    0.874716] 00:02: ttyS0 at I/O 0x3f8 (irq = 4, base_baud = 115200) is a 16550A
[    0.882408] Linux agpgart interface v0.103
[    0.887660] loop: module loaded
[    0.889653] scsi host0: ata_piix
[    0.891284] scsi host1: ata_piix
[    0.892622] ata1: PATA max UDMA/33 cmd 0x1f0 ctl 0x3f6 bmdma 0xd000 irq 14
[    0.895476] ata2: PATA max UDMA/33 cmd 0x170 ctl 0x376 bmdma 0xd008 irq 15
[    0.898307] libphy: Fixed MDIO Bus: probed
[    0.900073] tun: Universal TUN/TAP device driver, 1.6
[    0.902205] tun: (C) 1999-2004 Max Krasnyansky <maxk@qualcomm.com>
[    0.906235] PPP generic driver version 2.4.2
[    0.908089] ehci_hcd: USB 2.0 'Enhanced' Host Controller (EHCI) Driver
[    0.910880] ehci-pci: EHCI PCI platform driver
[    0.912126] ehci-platform: EHCI generic platform driver
[    0.913721] ohci_hcd: USB 1.1 'Open' Host Controller (OHCI) Driver
[    0.915424] ohci-pci: OHCI PCI platform driver
[    0.916465] ohci-platform: OHCI generic platform driver
[    0.917823] uhci_hcd: USB Universal Host Controller Interface driver
[    0.919965] i8042: PNP: PS/2 Controller [PNP0303:PS2K,PNP0f03:PS2M] at 0x60,0x64 irq 1,12
[    0.923776] serio: i8042 KBD port at 0x60,0x64 irq 1
[    0.925754] serio: i8042 AUX port at 0x60,0x64 irq 12
[    0.927594] mousedev: PS/2 mouse device common for all mice
[    0.929414] input: AT Translated Set 2 keyboard as /devices/platform/i8042/serio0/input/input2
[    0.932146] rtc_cmos rtc_cmos: rtc core: registered rtc_cmos as rtc0
[    0.934160] rtc_cmos rtc_cmos: alarms up to one day, 114 bytes nvram
[    0.935762] i2c /dev entries driver
[    0.936675] device-mapper: uevent: version 1.0.3
[    0.937890] device-mapper: ioctl: 4.34.0-ioctl (2015-10-28) initialised: dm-devel@redhat.com
[    0.940276] ledtrig-cpu: registered to indicate activity on CPUs
[    0.941934] NET: Registered protocol family 10
[    0.943676] NET: Registered protocol family 17
[    0.944729] Key type dns_resolver registered
[    0.946269] registered taskstats version 1
[    0.947415] Loading compiled-in X.509 certificates
[    0.948937] Loaded X.509 cert 'Build time autogenerated kernel key: 20acc96b50ca7641011eace69d32209215a9b56f'
[    0.951189] zswap: loaded using pool lzo/zbud
[    0.953894] Key type trusted registered
[    0.957632] Key type encrypted registered
[    0.958623] AppArmor: AppArmor sha1 policy hashing enabled
[    0.959824] ima: No TPM chip found, activating TPM-bypass!
[    0.961019] ima: Allocated hash algorithm: sha1
[    0.962048] evm: HMAC attrs: 0x1
[    0.963205]   Magic number: 7:408:492
[    0.964141] rtc_cmos rtc_cmos: setting system clock to 2019-10-22 17:27:58 UTC (1571765278)
[    0.966171] BIOS EDD facility v0.16 2004-Jun-25, 0 devices found
[    0.967896] EDD information not available.
[    1.063970] Freeing unused kernel memory: 1528K
[    1.065978] Write protecting the kernel read-only data: 14336k
[    1.068426] Freeing unused kernel memory: 1672K
[    1.070498] Freeing unused kernel memory: 92K
Loading, please wait...
starting version 229
[    1.083544] random: systemd-udevd: uninitialized urandom read (16 bytes read, 3 bits of entropy available)
[    1.083620] random: udevadm: uninitialized urandom read (16 bytes read, 3 bits of entropy available)
[    1.083637] random: udevadm: uninitialized urandom read (16 bytes read, 3 bits of entropy available)
[    1.090114] random: udevadm: uninitialized urandom read (16 bytes read, 3 bits of entropy available)
[    1.090148] random: udevadm: uninitialized urandom read (16 bytes read, 3 bits of entropy available)
[    1.090248] random: udevadm: uninitialized urandom read (16 bytes read, 3 bits of entropy available)
[    1.090283] random: udevadm: uninitialized urandom read (16 bytes read, 3 bits of entropy available)
[    1.090319] random: udevadm: uninitialized urandom read (16 bytes read, 3 bits of entropy available)
[    1.090354] random: udevadm: uninitialized urandom read (16 bytes read, 3 bits of entropy available)
[    1.090386] random: udevadm: uninitialized urandom read (16 bytes read, 3 bits of entropy available)
[    1.139612] e1000: Intel(R) PRO/1000 Network Driver - version 7.3.21-k8-NAPI
[    1.141928] e1000: Copyright (c) 1999-2006 Intel Corporation.
[    1.144481] Fusion MPT base driver 3.04.20
[    1.145789] Copyright (c) 1999-2008 LSI Corporation
[    1.163750] AVX2 version of gcm_enc/dec engaged.
[    1.164853] AES CTR mode by8 optimization enabled
[    1.171003] Fusion MPT SPI Host driver 3.04.20
[    1.363218] input: ImExPS/2 Generic Explorer Mouse as /devices/platform/i8042/serio1/input/input4
[    1.536320] e1000 0000:00:03.0 eth0: (PCI:33MHz:32-bit) 02:20:67:8c:d5:af
[    1.538317] e1000 0000:00:03.0 eth0: Intel(R) PRO/1000 Network Connection
[    1.540549] mptbase: ioc0: Initiating bringup
[    1.542404] e1000 0000:00:03.0 enp0s3: renamed from eth0
[    1.610707] ioc0: LSI53C1030 A0: Capabilities={Initiator}
[    1.991852] tsc: Refined TSC clocksource calibration: 2303.976 MHz
[    1.996501] clocksource: tsc: mask: 0xffffffffffffffff max_cycles: 0x2135e12b044, max_idle_ns: 440795317322 ns
[    2.232751] scsi host2: ioc0: LSI53C1030 A0, FwRev=00000000h, Ports=1, MaxQ=256, IRQ=20
[    3.160441] scsi 2:0:0:0: Direct-Access     VBOX     HARDDISK         1.0  PQ: 0 ANSI: 5
[    3.164101] scsi target2:0:0: Beginning Domain Validation
[    3.168105] scsi target2:0:0: Domain Validation skipping write tests
[    3.170705] scsi target2:0:0: Ending Domain Validation
[    3.172835] scsi target2:0:0: asynchronous
[    3.175773] scsi 2:0:1:0: Direct-Access     VBOX     HARDDISK         1.0  PQ: 0 ANSI: 5
[    3.178776] scsi target2:0:1: Beginning Domain Validation
[    3.182535] scsi target2:0:1: Domain Validation skipping write tests
[    3.184681] scsi target2:0:1: Ending Domain Validation
[    3.199519] scsi target2:0:1: asynchronous
[    3.211769] sd 2:0:0:0: Attached scsi generic sg0 type 0
[    3.214171] sd 2:0:0:0: [sda] 20971520 512-byte logical blocks: (10.7 GB/10.0 GiB)
[    3.218285] sd 2:0:0:0: [sda] Write Protect is off
[    3.220646] sd 2:0:1:0: Attached scsi generic sg1 type 0
[    3.223242] sd 2:0:1:0: [sdb] 20480 512-byte logical blocks: (10.5 MB/10.0 MiB)
[    3.223619] sd 2:0:0:0: [sda] Incomplete mode parameter data
[    3.223621] sd 2:0:0:0: [sda] Assuming drive cache: write through
[    3.227293]  sda: sda1
[    3.228153] sd 2:0:0:0: [sda] Attached SCSI disk
[    3.232637] sd 2:0:1:0: [sdb] Write Protect is off
[    3.234293] sd 2:0:1:0: [sdb] Incomplete mode parameter data
[    3.235583] sd 2:0:1:0: [sdb] Assuming drive cache: write through
[    3.239730] sd 2:0:1:0: [sdb] Attached SCSI disk
Begin: Loading essential drivers ... [    4.542241] md: linear personality registered for level -1
[    4.546149] md: multipath personality registered for level -4
[    4.549959] md: raid0 personality registered for level 0
[    4.554426] md: raid1 personality registered for level 1
[    4.625817] raid6: sse2x1   gen() 12026 MB/s
[    4.694040] raid6: sse2x1   xor()  9227 MB/s
[    4.762029] raid6: sse2x2   gen() 15069 MB/s
[    4.830010] raid6: sse2x2   xor() 10340 MB/s
[    4.898369] raid6: sse2x4   gen() 17318 MB/s
[    4.966029] raid6: sse2x4   xor() 11358 MB/s
[    5.033822] raid6: avx2x1   gen() 24463 MB/s
[    5.102053] raid6: avx2x2   gen() 27601 MB/s
[    5.169821] raid6: avx2x4   gen() 31297 MB/s
[    5.171196] raid6: using algorithm avx2x4 gen() 31297 MB/s
[    5.172527] raid6: using avx2x2 recovery algorithm
[    5.175215] xor: automatically using best checksumming function:
[    5.214063]    avx       : 25748.000 MB/sec
[    5.216621] async_tx: api initialized (async)
[    5.224733] md: raid6 personality registered for level 6
[    5.226124] md: raid5 personality registered for level 5
[    5.227654] md: raid4 personality registered for level 4
[    5.233221] md: raid10 personality registered for level 10
done.
Begin: Running /scripts/init-premount ... done.
Begin: Mounting root file system ... Begin: Running /scripts/local-top ... done.
Begin: Running /scripts/local-premount ... [    5.260331] Btrfs loaded
Scanning for Btrfs filesystems
done.
Warning: fsck not present, so skipping root file system
[    5.294038] EXT4-fs (sda1): mounted filesystem with ordered data mode. Opts: (null)
done.
Begin: Running /scripts/local-bottom ... done.
Begin: Running /scripts/init-bottom ... done.
[    5.408599] systemd[1]: systemd 229 running in system mode. (+PAM +AUDIT +SELINUX +IMA +APPARMOR +SMACK +SYSVINIT +UTMP +LIBCRYPTSETUP +GCRYPT +GNUTLS +ACL +XZ -LZ4 +SECCOMP +BLKID +ELFUTILS +KMOD -IDN)
[    5.416508] systemd[1]: Detected virtualization oracle.
[    5.418861] systemd[1]: Detected architecture x86-64.

Welcome to [1mUbuntu 16.04.5 LTS[0m!

[    5.425112] systemd[1]: Set hostname to <ubuntu>.
[    5.432378] systemd[1]: Initializing machine ID from random generator.
[    5.435193] systemd[1]: Installed transient /etc/machine-id file.
[    5.591316] systemd[1]: Set up automount Arbitrary Executable File Formats File System Automount Point.
[[0;32m  OK  [0m] Set up automount Arbitrary Executab...ats File System Automount Point.
[    5.595057] systemd[1]: Reached target Encrypted Volumes.
[[0;32m  OK  [0m] Reached target Encrypted Volumes.
[    5.597041] systemd[1]: Listening on LVM2 poll daemon socket.
[[0;32m  OK  [0m] Listening on LVM2 poll daemon socket.
[    5.606427] systemd[1]: Listening on udev Kernel Socket.
[[0;32m  OK  [0m] Listening on udev Kernel Socket.
[    5.619247] systemd[1]: Listening on Journal Socket.
[[0;32m  OK  [0m] Listening on Journal Socket.
[    5.622517] systemd[1]: Started Trigger resolvconf update for networkd DNS.
[[0;32m  OK  [0m] Started Trigger resolvconf update for networkd DNS.
[    5.626600] systemd[1]: Created slice System Slice.
[[0;32m  OK  [0m] Created slice System Slice.
[    5.646471] systemd[1]: Starting Create list of required static device nodes for the current kernel...
         Starting Create list of required st... nodes for the current kernel...
[    5.654025] systemd[1]: Mounting Huge Pages File System...
         Mounting Huge Pages File System...
[    5.656803] systemd[1]: Starting Set console keymap...
         Starting Set console keymap...
[    5.659938] systemd[1]: Starting Remount Root and Kernel File Systems...
         Starting Remount Root and Kernel File Systems...
[    5.663667] systemd[1]: Mounting POSIX Message Queue File System...
         Mounting POSIX Message Queue File System...
[    5.667254] EXT4-fs (sda1): re-mounted. Opts: (null)
[    5.674199] systemd[1]: Listening on /dev/initctl Compatibility Named Pipe.
[[0;32m  OK  [0m] Listening on /dev/initctl Compatibility Named Pipe.
[    5.677168] systemd[1]: Started Forward Password Requests to Wall Directory Watch.
[[0;32m  OK  [0m] Started Forward Password Requests to Wall Directory Watch.
[    5.682310] systemd[1]: Starting Load Kernel Modules...
         Starting Load Kernel Modules...
[    5.684705] systemd[1]: Listening on LVM2 metadata daemon socket.
[[0;32m  OK  [0m] Listening on LVM2 metadata daemon socket.
[    5.688275] systemd[1]: Reached target Swap.
[[0;32m  OK  [0m] Reached target Swap.
[    5.690778] systemd[1]: Listening on Journal Socket (/dev/log).
[[0;32m  OK  [0m] Listening on Journal Socket (/dev/log).
[    5.693138] systemd[1]: Listening on udev Control Socket.
[    5.693170] Loading iSCSI transport class v2.0-870.
[[0;32m  OK  [0m] Listening on udev Control Socket.
[    5.696577] systemd[1]: Reached target System Time Synchronized.
[[0;32m  OK  [0m] Reached target System Time Synchronized.
[    5.699620] systemd[1]: Listening on Device-mapper event daemon FIFOs.
[[0;32m  OK  [0m] Listening on Device-mapper event daemon FIFOs.
[    5.703542] iscsi: registered transport (tcp)
[    5.714213] systemd[1]: Starting Monitoring of LVM2 mirrors, snapshots etc. using dmeventd or progress polling...
         Starting Monitoring of LVM2 mirrors... dmeventd or progress polling...
[    5.720545] systemd[1]: Listening on Syslog Socket.
[[0;32m  OK  [0m] Listening on Syslog Socket.
[    5.723704] systemd[1]: Created slice User and Session Slice.
[[0;32m  OK  [0m] Created slice User and Session Slice.
[    5.728126] systemd[1]: Reached target Slices.
[[0;32m  OK  [0m] Reached target Slices.
[    5.731351] systemd[1]: Created slice system-serial\x2dgetty.slice.
[[0;32m  OK  [0m] Created slice system-serial\x2dgetty.slice.
[    5.735365] systemd[1]: Starting Nameserver information manager...
[    5.737613] iscsi: registered transport (iser)
         Starting Nameserver information manager...
[    5.741092] systemd[1]: Reached target User and Group Name Lookups.
[[0;32m  OK  [0m] Reached target User and Group Name Lookups.
[    5.744327] systemd[1]: Listening on Journal Audit Socket.
[[0;32m  OK  [0m] Listening on Journal Audit Socket.
[    5.748349] systemd[1]: Starting Journal Service...
         Starting Journal Service...
[    5.751545] systemd[1]: Starting Uncomplicated firewall...
         Starting Uncomplicated firewall...
[    5.755770] systemd[1]: Mounting Debug File System...
         Mounting Debug File System...
[    5.760952] systemd[1]: Mounted Huge Pages File System.
[[0;32m  OK  [0m] Mounted Huge Pages File System.
[    5.763883] systemd[1]: Mounted POSIX Message Queue File System.
[[0;32m  OK  [0m] Mounted POSIX Message Queue File System.
[    5.766778] systemd[1]: Mounted Debug File System.
[[0;32m  OK  [0m] Mounted Debug File System.
[    5.769654] systemd[1]: Started Create list of required static device nodes for the current kernel.
[[0;32m  OK  [0m] Started Create list of required sta...ce nodes for the current kernel.
[    5.774699] systemd[1]: Started Set console keymap.
[[0;32m  OK  [0m] Started Set console keymap.
[    5.783330] systemd[1]: Started Remount Root and Kernel File Systems.
[[0;32m  OK  [0m] Started Remount Root and Kernel File Systems.
[    5.787609] systemd[1]: Started Load Kernel Modules.
[[0;32m  OK  [0m] Started Load Kernel Modules.
[    5.802933] systemd[1]: Started Uncomplicated firewall.
[[0;32m  OK  [0m] Started Uncomplicated firewall.
[    5.808110] systemd[1]: Started Journal Service.
[[0;32m  OK  [0m] Started Journal Service.
[[0;32m  OK  [0m] Started Nameserver information manager.
[[0;32m  OK  [0m] Started LVM2 metadata daemon.
         Mounting FUSE Control File System...
         Starting Apply Kernel Variables...
         Starting udev Coldplug all Devices...
         Starting Flush Journal to Persistent Storage...
         Starting Load/Save Random Seed...
         Starting Create Static Device Nodes in /dev...
[[0;32m  OK  [0m] Mounted FUSE Control File System.
[[0;32m  OK  [0m] Started Load/Save Random Seed.
[[0;32m  OK  [0m] Started Create Static Device Nodes in /dev.
[[0;32m  OK  [0m] Started Apply Kernel Variables.
[[0;32m  OK  [0m] Started Flush Journal to Persistent Storage.
[[0;32m  OK  [0m] Started udev Coldplug all Devices.
         Starting udev Kernel Device Manager...
[[0;32m  OK  [0m] Started udev Kernel Device Manager.
[[0;32m  OK  [0m] Started Dispatch Password Requests to Console Directory Watch.
[[0;32m  OK  [0m] Started Monitoring of LVM2 mirrors,...ng dmeventd or progress polling.
[[0;32m  OK  [0m] Reached target Local File Systems (Pre).
[[0;32m  OK  [0m] Reached target Local File Systems.
         Starting Initial cloud-init job (pre-networking)...
         Starting Tell Plymouth To Write Out Runtime Data...
         Starting Set console font and keymap...
         Starting Commit a transient machine-id on disk...
         Starting Create Volatile Files and Directories...
         Starting LSB: AppArmor initialization...
[[0;32m  OK  [0m] Started Create Volatile Files and Directories.
[[0;32m  OK  [0m] Started Tell Plymouth To Write Out Runtime Data.
         Starting Update UTMP about System Boot/Shutdown...
[[0;32m  OK  [0m] Started Commit a transient machine-id on disk.
[[0;32m  OK  [0m] Started Update UTMP about System Boot/Shutdown.
[[0;32m  OK  [0m] Found device /dev/ttyS0.
[[0;32m  OK  [0m] Listening on Load/Save RF Kill Switch Status /dev/rfkill Watch.
[[0;32m  OK  [0m] Started LSB: AppArmor initialization.
[    6.804363] cloud-init[477]: Cloud-init v. 18.3-9-g2e62cb8a-0ubuntu1~16.04.2 running 'init-local' at Tue, 22 Oct 2019 17:28:04 +0000. Up 6.48 seconds.
[[0;32m  OK  [0m] Started Initial cloud-init job (pre-networking).
[[0;32m  OK  [0m] Reached target Network (Pre).
         Starting Raise network interfaces...
[[0;32m  OK  [0m] Started Set console font and keymap.
[[0;32m  OK  [0m] Created slice system-getty.slice.
[[0;32m  OK  [0m] Started Raise network interfaces.
[[0;32m  OK  [0m] Reached target Network.
         Starting Initial cloud-init job (metadata service crawler)...
[    7.822363] cloud-init[928]: Cloud-init v. 18.3-9-g2e62cb8a-0ubuntu1~16.04.2 running 'init' at Tue, 22 Oct 2019 17:28:05 +0000. Up 7.30 seconds.
[    7.826062] cloud-init[928]: ci-info: ++++++++++++++++++++++++++++++++++++++Net device info++++++++++++++++++++++++++++++++++++++
[    7.829486] cloud-init[928]: ci-info: +--------+------+----------------------------+---------------+--------+-------------------+
[    7.832795] cloud-init[928]: ci-info: | Device |  Up  |          Address           |      Mask     | Scope  |     Hw-Address    |
[    7.836093] cloud-init[928]: ci-info: +--------+------+----------------------------+---------------+--------+-------------------+
[    7.838344] cloud-init[928]: ci-info: | enp0s3 | True |         10.0.2.15          | 255.255.255.0 | global | 02:20:67:8c:d5:af |
[    7.841613] cloud-init[928]: ci-info: | enp0s3 | True | fe80::20:67ff:fe8c:d5af/64 |       .       |  link  | 02:20:67:8c:d5:af |
[    7.844893] cloud-init[928]: ci-info: |   lo   | True |         127.0.0.1          |   255.0.0.0   |  host  |         .         |
[    7.848091] cloud-init[928]: ci-info: |   lo   | True |          ::1/128           |       .       |  host  |         .         |
[    7.851343] cloud-init[928]: ci-info: +--------+------+----------------------------+---------------+--------+-------------------+
[    7.854628] cloud-init[928]: ci-info: +++++++++++++++++++++++++++Route IPv4 info++++++++++++++++++++++++++++
[    7.864471] [[0;32m  OK  [0m] Started Initial cloud-init job (metadata service crawler).
[[0;32m  OK  [0m] Reached target System Initialization.
[[0;32m  OK  [0m] Listening on UUID daemon activation socket.
cloud-init[928]: ci-info: +-------+-------------+----------+---------------+-----------+-------+
[    7.870766]          Starting LXD - unix socket.
[[0;32m  OK  [0m] Started Daily apt download activities.
[[0;32m  OK  [0m] Started Daily apt upgrade and clean activities.
[[0;32m  OK  [0m] Listening on ACPID Listen Socket.cloud-init
[928]: ci-info: | Route | Destination | Gateway  |    Genmask    | Interface | Flags |
[    7.875529]          Starting Socket activation for snappy daemon.
[[0;32m  OK  [0m] Started Daily Cleanup of Temporary Directories.
[[0;32m  OK  [0m] Reached target Timers.
[[0;32m  OK  [0m] Listening on D-Bus System Message Bus Socket.
cloud-init[928]: ci-info: +-------+-------------+----------+---------------+-----------+-------+
[[0;32m  OK  [0m] Started ACPI Events Check.
[[0;32m  OK  [0m] Reached target Paths.
[[0;32m  OK  [0m] Reached target Cloud-config availability.
[[0;32m  OK  [0m] Reached target Network is Online.
[    7.880055] cloud-init[928]: ci-info: |   0   |   0.0.0.0   | 10.0.2.2 |    0.0.0.0    |   enp0s3  |   UG  |
[    7.885956] cloud-init[928]: ci-info: |   1   |   10.0.2.0  | 0.0.0.0  | 255.255.255.0 |   enp0s3  |   U   |
[    7.887879] cloud-init[928]: ci-info: +-------+-------------+----------+---------------+-----------+-------+
[    7.889820] cloud-init[928]: ci-info: +++++++++++++++++++Route IPv6 info+++++++++++++++++++
[    7.891494] cloud-init[928]: ci-info: +-------+-------------+---------+-----------+-------+
[    7.893221] cloud-init[928]: ci-info: | Route | Destination | Gateway | Interface | Flags |
[    7.894399] cloud-init[928]: ci-info: +-------+-------------+---------+-----------+-------+
[    7.896121]          Starting iSCSI initiator daemon (iscsid)...
[[0;32m  OK  [0m] Listening on LXD - unix socket.
[[0;32m  OK  [0m] Listening on Socket activation for snappy daemon.
[[0;32m  OK  [0m] Reached target Sockets.
[[0;32m  OK  [0m] Reached target Basic System.
[[0;32m  OK  [0m] Started Unattended Upgrades Shutdown.
cloud-init[928]: ci-info: |   0   |  fe80::/64  |    ::   |   enp0s3  |   U   |         Starting Pollinate to seed the pseudo random number generator...
         Starting System Logging Service...
[[0;32m  OK  [0m] Started Regular background program processing daemon.
         Starting Virtualbox guest utils...
         Starting LSB: MD monitoring daemon...

         Starting Snappy daemon...
         Starting LSB: Record successful boot for GRUB...
[[0;32m  OK  [0m] Started FUSE filesystem for LXC.
         Starting /etc/rc.local Compatibility...
[[0;32m  OK  [0m] Started ACPI event daemon.
         Starting Login Service...
[[0;32m  OK  [0m] Started D-Bus System Message Bus.
[    7.922168] cloud-init[928]: ci-info: |   3   |   ff00::/8  |    ::   |   enp0s3  |   U   |
[    7.942577] cloud-init[928]: ci-info: +-------+-------------+---------+-----------+-------+
[    7.951384] cloud-init[928]: Generating public/private rsa key pair.
[    7.955960] cloud-init[928]: Your identification has been saved in /etc/ssh/ssh_host_rsa_key.
[    7.958788] cloud-init[928]: Your public key has been saved in /etc/ssh/ssh_host_rsa_key.pub.
[    7.961396] cloud-init[928]: The key fingerprint is:
[    7.963789] cloud-init[928]: SHA256:ixbR0qwv7GNpR5Wi/ScSVcqgTul6xVjY6xkpwUGsOo8 root@ubuntu-xenial
[    7.966867] cloud-init[928]: The key's randomart image is:
[    7.971280] cloud-init[928]: +---[RSA 2048]----+
[    7.975716] cloud-init[928]: |     o.          |
[    7.977813] cloud-init[928]: |      o+.   .    |
[    7.981250] cloud-init[928]: |     oo*+o +     |
[    7.983057] cloud-init[928]: |    . B++ *      |
[    7.986279] cloud-init[928]: |   . +oBS*       |
[    7.988037] cloud-init[928]: |  o  .*+X.       |
[    7.989304] cloud-init[928]: |   + .=*o=       |
[    7.991392] cloud-init[928]: |  E oo*.= o .    |
[    7.994757] cloud-init[928]: |     +.o . o     |
[    8.002781]          Starting Accounts Service...
cloud-init         Starting LXD - container startup/shutdown...
[[0;32m  OK  [0m] Started Deferred execution scheduler.
[[0;32m  OK  [0m] Started System Logging Service.
[928]: +----[SHA256]-----+
[[0;32m  OK  [0m] Started /etc/rc.local Compatibility.
[[0;32m  OK  [0m] Started iSCSI initiator daemon (iscsid).
[    8.021692] cloud-init[928]: Generating public/private dsa key pair.
[    8.030483] cloud-init[928]: Your identification has been saved in /etc/ssh/ssh_host_dsa_key.
[    8.034031] cloud-init[928]: Your public key has been saved in /etc/ssh/ssh_host_dsa_key.pub.
[    8.045790] cloud-init[928]: The key fingerprint is:
[    8.050018] cloud-init[928]: SHA256:W8IpBFcHTaQR7BGmv3YFrhqPrNY1L/rm2ejlY8OCPI4 root@ubuntu-xenial
[    8.053838] cloud-init[928]: The key's randomart image is:
[    8.059869] cloud-init[928]: +---[DSA 1024]----+
[    8.066220] cloud-init[928]: |    . .oBB+      |
[    8.078064] cloud-init[928]: |     o oo+.      |
[    8.082089] cloud-init[928]: |      o....      |
[    8.103126] cloud-init[928]: |     . o.o .     |
[    8.106368] cloud-init         Starting Login to default iSCSI targets...
[[0;32m  OK  [0m] Started LSB: Record successful boot for GRUB.
[[0;32m  OK  [0m] Started Login Service.
[928]: |      . S o .    |
[    8.116114] cloud-init[928]: |       .o* .     |
[    8.120850] cloud-init[928]: |     o.o=+o      |
[[0;32m  OK  [0m] Started Login to default iSCSI targets.
[[0;32m  OK  [0m] Started LXD - container startup/shutdown.
[    8.136888] cloud-init[928]: |    .o=*+B*      |
[    8.142199] [[0;32m  OK  [0m] Reached target Remote File Systems (Pre).
[[0;32m  OK  [0m] Reached target Remote File Systems.
cloud-init[928]: |   .Eo*BB+oo     |         Starting Permit User Sessions...
         Starting LSB: daemon to balance interrupts for SMP systems...
         Starting LSB: automatic crash report generation...
         Starting LSB: Set the CPU Frequency Scaling governor to "ondemand"...
[[0;32m  OK  [0m] Started LSB: MD monitoring daemon.
[[0;32m  OK  [0m] Started Permit User Sessions.

[    8.181274] cloud-init[928]: +----[SHA256]-----+
[    8.183730] cloud-init[928]: Generating public/private ecdsa key pair.
[    8.188061]          Starting Hold until boot process finishes up...
         Starting Terminate Plymouth Boot Screen...
[[0;32m  OK  [0m] Started LSB: daemon to balance interrupts for SMP systems.
[[0;32m  OK  [0m] Started Hold until boot process finishes up.
cloud-init[928]: Your identification has been saved in /etc/ssh/ssh_host_ecdsa_key.
[    8.201204] cloud-init[928]: Your public key has been saved in /etc/ssh/ssh_host_ecdsa_key.pub.
[    8.206475] cloud-init[928]: The key fingerprint is:
[    8.208775] [[0;32m  OK  [0m] Started LSB: automatic crash report generation.
[[0;32m  OK  [0m] Started LSB: Set the CPU Frequency Scaling governor to "ondemand".
cloud-init[928]: SHA256:/WxWapIRNAuue1LrUuUCnSJcvkenFSbIiH3xqAmynf4 root@ubuntu-xenial
[    8.213022] cloud-init[928]: The key's randomart image is:
[    8.214525] cloud-init[928]: +---[ECDSA 256]---+
[    8.216084] cloud-init[928]: |   o o.o. o      |
[    8.219109] cloud-init[928]: |  . o =+.ooo     |
         Starting Authenticate and Authorize Users to Run Privileged Tasks...
[[0;32m  OK  [0m] Started Getty on tty1.
         Starting Set console scheme...
[[0;32m  OK  [0m] Started Serial Getty on ttyS0.
[[0;32m  OK  [0m] Reached target Login Prompts.
[[0;32m  OK  [0m] Started Virtualbox guest utils.
[[0;32m  OK  [0m] Started Terminate Plymouth Boot Screen.
[[0;32m  OK  [0m] Started Set console scheme.
[    8.240170] cloud-init[928]: |. .. +..o+o.     |
[    8.242557] cloud-init[928]: | + ooo+.+.+.     |
[    8.243652] cloud-init[928]: |. o o..=S*o   .  |
[    8.244911] cloud-init[928]: | .    .o=..= o   |
[    8.247547] cloud-init[928]: |  .   ooo.o B    |
[    8.248907] cloud-init[928]: |   .  .+   =     |
[    8.249983] cloud-init[928]: |    E  ..        |
[    8.251417] cloud-init[928]: +----[SHA256]-----+
[    8.254178] cloud-init[928]: Generating public/private ed25519 key pair.
[    8.257202] cloud-init[928]: Your identification has been saved in /etc/ssh/ssh_host_ed25519_key.
[    8.261135] cloud-init[928]: Your public key has been saved in /etc/ssh/ssh_host_ed25519_key.pub.
[[0;32m  OK  [0m] Started Snappy daemon.
[    8.264410] cloud-init[928]: The key fingerprint is:
[    8.272791] cloud-init[928]: SHA256:XGoVEeHUbh4V70c3c8vFQWYpq8RuA/kYELJiOwQr39A root@ubuntu-xenial
[    8.274022] cloud-init[928]: The key's randomart image is:
[    8.275287] cloud-init[928]: +--[ED25519 256]--+
[    8.277386] cloud-init[928]: | .   . .. *=  o*.|
[    8.278792] cloud-init[928]: |  o.  o. o ...++.|
[    8.285925] cloud-init[928]: |...+E.  . *. .ooB|         Starting Wait until snapd is fully seeded...
[[0;32m  OK  [0m] Started Authenticate and Authorize Users to Run Privileged Tasks.
[[0;32m  OK  [0m] Started Accounts Service.

[    8.294059] cloud-init[928]: |..ooo  . B o+..oB|
[    8.297599] cloud-init[928]: |  .o.   S Bo.. oo|
[    8.305195] cloud-init[928]: |    .  . . *.   .|
[    8.312974] cloud-init[928]: |          . .    |
[    8.320885] cloud-init[928]: |                 |
[    8.322690] cloud-init[928]: |                 |
[    8.329034] cloud-init[928]: +----[SHA256]-----+
[[0;32m  OK  [0m] Started Pollinate to seed the pseudo random number generator.
         Starting OpenBSD Secure Shell server...
[[0;32m  OK  [0m] Started OpenBSD Secure Shell server.
[[0;32m  OK  [0m] Started Wait until snapd is fully seeded.
[[0;32m  OK  [0m] Reached target Multi-User System.
[[0;32m  OK  [0m] Reached target Graphical Interface.
         Starting Update UTMP about System Runlevel Changes...
         Starting Apply the settings specified in cloud-config...
[[0;32m  OK  [0m] Started Update UTMP about System Runlevel Changes.
[   10.117149] cloud-init[1266]: Generating locales (this might take a while)...
[   10.809395] cloud-init[1266]:   en_US.UTF-8... done
[   10.811112] cloud-init[1266]: Generation complete.
[[0;32m  OK  [0m] Created slice User Slice of vagrant.
         Starting User Manager for UID 1000...
[[0;32m  OK  [0m] Started Session 1 of user vagrant.
[[0;32m  OK  [0m] Started User Manager for UID 1000.
[   11.147080] cloud-init[1266]: Cloud-init v. 18.3-9-g2e62cb8a-0ubuntu1~16.04.2 running 'modules:config' at Tue, 22 Oct 2019 17:28:07 +0000. Up 10.01 seconds.
[[0;32m  OK  [0m] Started Apply the settings specified in cloud-config.
         Starting Execute cloud user/final scripts...
ci-info: no authorized ssh keys fingerprints found for user ubuntu.
<14>Oct 22 17:28:09 ec2: 
<14>Oct 22 17:28:09 ec2: #############################################################
<14>Oct 22 17:28:09 ec2: -----BEGIN SSH HOST KEY FINGERPRINTS-----
<14>Oct 22 17:28:09 ec2: 1024 SHA256:W8IpBFcHTaQR7BGmv3YFrhqPrNY1L/rm2ejlY8OCPI4 root@ubuntu-xenial (DSA)
<14>Oct 22 17:28:09 ec2: 256 SHA256:/WxWapIRNAuue1LrUuUCnSJcvkenFSbIiH3xqAmynf4 root@ubuntu-xenial (ECDSA)
<14>Oct 22 17:28:09 ec2: 256 SHA256:XGoVEeHUbh4V70c3c8vFQWYpq8RuA/kYELJiOwQr39A root@ubuntu-xenial (ED25519)
<14>Oct 22 17:28:09 ec2: 2048 SHA256:ixbR0qwv7GNpR5Wi/ScSVcqgTul6xVjY6xkpwUGsOo8 root@ubuntu-xenial (RSA)
<14>Oct 22 17:28:09 ec2: -----END SSH HOST KEY FINGERPRINTS-----
<14>Oct 22 17:28:09 ec2: #############################################################
-----BEGIN SSH HOST KEY KEYS-----
ecdsa-sha2-nistp256 AAAAE2VjZHNhLXNoYTItbmlzdHAyNTYAAAAIbmlzdHAyNTYAAABBBMbQRGy6WAydBh/s9CWPG4DCxMG53we6r04N0ruPOtDIDrWhYiNe33t7sQ1+B/mYKA6xyqnAEE9Htd9XSUMeQQ4= root@ubuntu-xenial
ssh-ed25519 AAAAC3NzaC1lZDI1NTE5AAAAIK5ahSbVCofC8Bn8bQnXM7vzfusdDf5lagoaPWtvLUgp root@ubuntu-xenial
ssh-rsa AAAAB3NzaC1yc2EAAAADAQABAAABAQC/TmPp7z8hfnZyZjZ+JQ+q5dTshELtok5HyzDLMj+J59PDRylAb4a1C4s6RVgrDODymiLfDLAq8H3Q+7qAlGRJEkcIB3+xg+jfqx+eLeXxA4uUOuhHSDMEReZPdvC6scPIFd1gtqqHWoGm5/YnEb7ry6nTys+Hk+WYuFnQuCqJAHdiDId4YAXSEz30cufYJnsn0sZP9+FOUJNUwwlFs7T1m9M7GWhJB7fqvsM7G3ykj8NOuaRy8X9/9wLnYX7X3j7zPC3GE+h1eWqO7VNXH6WzVoledkLPZ1qriiMUh6P5sK1iH0Tw9Av3Ldl7APqs/IURGtPzqXny47VgVimiSPnb root@ubuntu-xenial
-----END SSH HOST KEY KEYS-----
[   11.739437] cloud-init[1375]: Cloud-init v. 18.3-9-g2e62cb8a-0ubuntu1~16.04.2 running 'modules:final' at Tue, 22 Oct 2019 17:28:09 +0000. Up 11.55 seconds.
[   11.743085] cloud-init[1375]: ci-info: no authorized ssh keys fingerprints found for user ubuntu.
[   11.746007] cloud-init[1375]: Cloud-init v. 18.3-9-g2e62cb8a-0ubuntu1~16.04.2 finished at Tue, 22 Oct 2019 17:28:09 +0000. Datasource DataSourceNoCloud [seed=/dev/sdb][dsmode=net].  Up 11.73 seconds
[[0;32m  OK  [0m] Started Execute cloud user/final scripts.
[[0;32m  OK  [0m] Reached target Cloud-init target.

Ubuntu 16.04.5 LTS ubuntu-xenial ttyS0

ubuntu-xenial login: 